[0.271s] Invoking command in '/home/ubuntu/rsi_project/src/camera_package': PYTHONPATH=/home/ubuntu/rsi_project/src/build/camera_package/prefix_override:/usr/lib/python3/dist-packages/colcon_core/task/python/colcon_distutils_commands:/home/ubuntu/rsi_project/src/install/camera_package/lib/python3.10/site-packages:${PYTHONPATH} /usr/bin/python3 -W ignore:setup.py install is deprecated setup.py egg_info --egg-base ../build/camera_package build --build-base /home/ubuntu/rsi_project/src/build/camera_package/build install --record /home/ubuntu/rsi_project/src/build/camera_package/install.log --single-version-externally-managed install_data
[0.371s] running egg_info
[0.371s] creating ../build/camera_package/camera_package.egg-info
[0.372s] writing ../build/camera_package/camera_package.egg-info/PKG-INFO
[0.373s] writing dependency_links to ../build/camera_package/camera_package.egg-info/dependency_links.txt
[0.373s] writing entry points to ../build/camera_package/camera_package.egg-info/entry_points.txt
[0.373s] writing requirements to ../build/camera_package/camera_package.egg-info/requires.txt
[0.374s] writing top-level names to ../build/camera_package/camera_package.egg-info/top_level.txt
[0.375s] writing manifest file '../build/camera_package/camera_package.egg-info/SOURCES.txt'
[0.375s] reading manifest file '../build/camera_package/camera_package.egg-info/SOURCES.txt'
[0.375s] adding license file 'LICENSE'
[0.376s] writing manifest file '../build/camera_package/camera_package.egg-info/SOURCES.txt'
[0.376s] running build
[0.376s] running build_py
[0.376s] creating /home/ubuntu/rsi_project/src/build/camera_package/build
[0.376s] creating /home/ubuntu/rsi_project/src/build/camera_package/build/lib
[0.376s] creating /home/ubuntu/rsi_project/src/build/camera_package/build/lib/camera_package
[0.376s] copying camera_package/simulated_camera_node.py -> /home/ubuntu/rsi_project/src/build/camera_package/build/lib/camera_package
[0.377s] copying camera_package/local_planner.py -> /home/ubuntu/rsi_project/src/build/camera_package/build/lib/camera_package
[0.377s] copying camera_package/__init__.py -> /home/ubuntu/rsi_project/src/build/camera_package/build/lib/camera_package
[0.377s] copying camera_package/servo_cmd.py -> /home/ubuntu/rsi_project/src/build/camera_package/build/lib/camera_package
[0.377s] copying camera_package/publisher_member_function.py -> /home/ubuntu/rsi_project/src/build/camera_package/build/lib/camera_package
[0.377s] copying camera_package/transform.py -> /home/ubuntu/rsi_project/src/build/camera_package/build/lib/camera_package
[0.377s] copying camera_package/subscriber_member_function.py -> /home/ubuntu/rsi_project/src/build/camera_package/build/lib/camera_package
[0.377s] running install
[0.378s] running install_lib
[0.378s] creating /home/ubuntu/rsi_project/src/install/camera_package/lib/python3.10/site-packages/camera_package
[0.378s] copying /home/ubuntu/rsi_project/src/build/camera_package/build/lib/camera_package/simulated_camera_node.py -> /home/ubuntu/rsi_project/src/install/camera_package/lib/python3.10/site-packages/camera_package
[0.378s] copying /home/ubuntu/rsi_project/src/build/camera_package/build/lib/camera_package/local_planner.py -> /home/ubuntu/rsi_project/src/install/camera_package/lib/python3.10/site-packages/camera_package
[0.378s] copying /home/ubuntu/rsi_project/src/build/camera_package/build/lib/camera_package/__init__.py -> /home/ubuntu/rsi_project/src/install/camera_package/lib/python3.10/site-packages/camera_package
[0.378s] copying /home/ubuntu/rsi_project/src/build/camera_package/build/lib/camera_package/servo_cmd.py -> /home/ubuntu/rsi_project/src/install/camera_package/lib/python3.10/site-packages/camera_package
[0.379s] copying /home/ubuntu/rsi_project/src/build/camera_package/build/lib/camera_package/publisher_member_function.py -> /home/ubuntu/rsi_project/src/install/camera_package/lib/python3.10/site-packages/camera_package
[0.379s] copying /home/ubuntu/rsi_project/src/build/camera_package/build/lib/camera_package/transform.py -> /home/ubuntu/rsi_project/src/install/camera_package/lib/python3.10/site-packages/camera_package
[0.379s] copying /home/ubuntu/rsi_project/src/build/camera_package/build/lib/camera_package/subscriber_member_function.py -> /home/ubuntu/rsi_project/src/install/camera_package/lib/python3.10/site-packages/camera_package
[0.379s] byte-compiling /home/ubuntu/rsi_project/src/install/camera_package/lib/python3.10/site-packages/camera_package/simulated_camera_node.py to simulated_camera_node.cpython-310.pyc
[0.379s] byte-compiling /home/ubuntu/rsi_project/src/install/camera_package/lib/python3.10/site-packages/camera_package/local_planner.py to local_planner.cpython-310.pyc
[0.380s] byte-compiling /home/ubuntu/rsi_project/src/install/camera_package/lib/python3.10/site-packages/camera_package/__init__.py to __init__.cpython-310.pyc
[0.380s] byte-compiling /home/ubuntu/rsi_project/src/install/camera_package/lib/python3.10/site-packages/camera_package/servo_cmd.py to servo_cmd.cpython-310.pyc
[0.380s] byte-compiling /home/ubuntu/rsi_project/src/install/camera_package/lib/python3.10/site-packages/camera_package/publisher_member_function.py to publisher_member_function.cpython-310.pyc
[0.380s] byte-compiling /home/ubuntu/rsi_project/src/install/camera_package/lib/python3.10/site-packages/camera_package/transform.py to transform.cpython-310.pyc
[0.380s] byte-compiling /home/ubuntu/rsi_project/src/install/camera_package/lib/python3.10/site-packages/camera_package/subscriber_member_function.py to subscriber_member_function.cpython-310.pyc
[0.380s] running install_data
[0.380s] creating /home/ubuntu/rsi_project/src/install/camera_package/share/ament_index
[0.380s] creating /home/ubuntu/rsi_project/src/install/camera_package/share/ament_index/resource_index
[0.381s] creating /home/ubuntu/rsi_project/src/install/camera_package/share/ament_index/resource_index/packages
[0.381s] copying resource/camera_package -> /home/ubuntu/rsi_project/src/install/camera_package/share/ament_index/resource_index/packages
[0.381s] copying package.xml -> /home/ubuntu/rsi_project/src/install/camera_package/share/camera_package
[0.381s] running install_egg_info
[0.382s] Copying ../build/camera_package/camera_package.egg-info to /home/ubuntu/rsi_project/src/install/camera_package/lib/python3.10/site-packages/camera_package-0.0.0-py3.10.egg-info
[0.382s] running install_scripts
[0.392s] Installing listener script to /home/ubuntu/rsi_project/src/install/camera_package/lib/camera_package
[0.392s] Installing local_planner script to /home/ubuntu/rsi_project/src/install/camera_package/lib/camera_package
[0.392s] Installing servo_cmd script to /home/ubuntu/rsi_project/src/install/camera_package/lib/camera_package
[0.392s] Installing simulated_camera_node script to /home/ubuntu/rsi_project/src/install/camera_package/lib/camera_package
[0.392s] Installing subscriber_member_function script to /home/ubuntu/rsi_project/src/install/camera_package/lib/camera_package
[0.393s] Installing talker script to /home/ubuntu/rsi_project/src/install/camera_package/lib/camera_package
[0.393s] Installing transform script to /home/ubuntu/rsi_project/src/install/camera_package/lib/camera_package
[0.393s] writing list of installed files to '/home/ubuntu/rsi_project/src/build/camera_package/install.log'
[0.405s] Invoked command in '/home/ubuntu/rsi_project/src/camera_package' returned '0': PYTHONPATH=/home/ubuntu/rsi_project/src/build/camera_package/prefix_override:/usr/lib/python3/dist-packages/colcon_core/task/python/colcon_distutils_commands:/home/ubuntu/rsi_project/src/install/camera_package/lib/python3.10/site-packages:${PYTHONPATH} /usr/bin/python3 -W ignore:setup.py install is deprecated setup.py egg_info --egg-base ../build/camera_package build --build-base /home/ubuntu/rsi_project/src/build/camera_package/build install --record /home/ubuntu/rsi_project/src/build/camera_package/install.log --single-version-externally-managed install_data
