[0.278s] Invoking command in '/home/ubuntu/rsi_project/src/camera_package': PYTHONPATH=/home/ubuntu/rsi_project/src/build/camera_package/prefix_override:/usr/lib/python3/dist-packages/colcon_core/task/python/colcon_distutils_commands:/home/ubuntu/rsi_project/src/install/camera_package/lib/python3.10/site-packages:${PYTHONPATH} /usr/bin/python3 -W ignore:setup.py install is deprecated setup.py egg_info --egg-base ../build/camera_package build --build-base /home/ubuntu/rsi_project/src/build/camera_package/build install --record /home/ubuntu/rsi_project/src/build/camera_package/install.log --single-version-externally-managed install_data
[0.381s] running egg_info
[0.382s] writing ../build/camera_package/camera_package.egg-info/PKG-INFO
[0.382s] writing dependency_links to ../build/camera_package/camera_package.egg-info/dependency_links.txt
[0.383s] writing entry points to ../build/camera_package/camera_package.egg-info/entry_points.txt
[0.383s] writing requirements to ../build/camera_package/camera_package.egg-info/requires.txt
[0.383s] writing top-level names to ../build/camera_package/camera_package.egg-info/top_level.txt
[0.384s] reading manifest file '../build/camera_package/camera_package.egg-info/SOURCES.txt'
[0.384s] adding license file 'LICENSE'
[0.384s] writing manifest file '../build/camera_package/camera_package.egg-info/SOURCES.txt'
[0.384s] running build
[0.384s] running build_py
[0.384s] copying camera_package/simulated_camera_node.py -> /home/ubuntu/rsi_project/src/build/camera_package/build/lib/camera_package
[0.386s] running install
[0.386s] running install_lib
[0.386s] copying /home/ubuntu/rsi_project/src/build/camera_package/build/lib/camera_package/simulated_camera_node.py -> /home/ubuntu/rsi_project/src/install/camera_package/lib/python3.10/site-packages/camera_package
[0.386s] byte-compiling /home/ubuntu/rsi_project/src/install/camera_package/lib/python3.10/site-packages/camera_package/simulated_camera_node.py to simulated_camera_node.cpython-310.pyc
[0.386s] running install_data
[0.386s] running install_egg_info
[0.387s] removing '/home/ubuntu/rsi_project/src/install/camera_package/lib/python3.10/site-packages/camera_package-0.0.0-py3.10.egg-info' (and everything under it)
[0.387s] Copying ../build/camera_package/camera_package.egg-info to /home/ubuntu/rsi_project/src/install/camera_package/lib/python3.10/site-packages/camera_package-0.0.0-py3.10.egg-info
[0.388s] running install_scripts
[0.398s] Installing listener script to /home/ubuntu/rsi_project/src/install/camera_package/lib/camera_package
[0.398s] Installing local_planner script to /home/ubuntu/rsi_project/src/install/camera_package/lib/camera_package
[0.398s] Installing servo_cmd script to /home/ubuntu/rsi_project/src/install/camera_package/lib/camera_package
[0.398s] Installing simulated_camera_node script to /home/ubuntu/rsi_project/src/install/camera_package/lib/camera_package
[0.398s] Installing subscriber_member_function script to /home/ubuntu/rsi_project/src/install/camera_package/lib/camera_package
[0.399s] Installing talker script to /home/ubuntu/rsi_project/src/install/camera_package/lib/camera_package
[0.399s] Installing transform script to /home/ubuntu/rsi_project/src/install/camera_package/lib/camera_package
[0.399s] writing list of installed files to '/home/ubuntu/rsi_project/src/build/camera_package/install.log'
[0.411s] Invoked command in '/home/ubuntu/rsi_project/src/camera_package' returned '0': PYTHONPATH=/home/ubuntu/rsi_project/src/build/camera_package/prefix_override:/usr/lib/python3/dist-packages/colcon_core/task/python/colcon_distutils_commands:/home/ubuntu/rsi_project/src/install/camera_package/lib/python3.10/site-packages:${PYTHONPATH} /usr/bin/python3 -W ignore:setup.py install is deprecated setup.py egg_info --egg-base ../build/camera_package build --build-base /home/ubuntu/rsi_project/src/build/camera_package/build install --record /home/ubuntu/rsi_project/src/build/camera_package/install.log --single-version-externally-managed install_data
