/home/ubuntu/rsi_project/src/camera_package/install/camera_package/lib/python3.10/site-packages/camera_package/simulated_camera_node.py
/home/ubuntu/rsi_project/src/camera_package/install/camera_package/lib/python3.10/site-packages/camera_package/__init__.py
/home/ubuntu/rsi_project/src/camera_package/install/camera_package/lib/python3.10/site-packages/camera_package/camera_control.py
/home/ubuntu/rsi_project/src/camera_package/install/camera_package/lib/python3.10/site-packages/camera_package/servo_cmd.py
/home/ubuntu/rsi_project/src/camera_package/install/camera_package/lib/python3.10/site-packages/camera_package/publisher_member_function.py
/home/ubuntu/rsi_project/src/camera_package/install/camera_package/lib/python3.10/site-packages/camera_package/transform.py
/home/ubuntu/rsi_project/src/camera_package/install/camera_package/lib/python3.10/site-packages/camera_package/subscriber_member_function.py
/home/ubuntu/rsi_project/src/camera_package/install/camera_package/lib/python3.10/site-packages/camera_package/__pycache__/simulated_camera_node.cpython-310.pyc
/home/ubuntu/rsi_project/src/camera_package/install/camera_package/lib/python3.10/site-packages/camera_package/__pycache__/__init__.cpython-310.pyc
/home/ubuntu/rsi_project/src/camera_package/install/camera_package/lib/python3.10/site-packages/camera_package/__pycache__/camera_control.cpython-310.pyc
/home/ubuntu/rsi_project/src/camera_package/install/camera_package/lib/python3.10/site-packages/camera_package/__pycache__/servo_cmd.cpython-310.pyc
/home/ubuntu/rsi_project/src/camera_package/install/camera_package/lib/python3.10/site-packages/camera_package/__pycache__/publisher_member_function.cpython-310.pyc
/home/ubuntu/rsi_project/src/camera_package/install/camera_package/lib/python3.10/site-packages/camera_package/__pycache__/transform.cpython-310.pyc
/home/ubuntu/rsi_project/src/camera_package/install/camera_package/lib/python3.10/site-packages/camera_package/__pycache__/subscriber_member_function.cpython-310.pyc
/home/ubuntu/rsi_project/src/camera_package/install/camera_package/share/ament_index/resource_index/packages/camera_package
/home/ubuntu/rsi_project/src/camera_package/install/camera_package/share/camera_package/package.xml
/home/ubuntu/rsi_project/src/camera_package/install/camera_package/lib/python3.10/site-packages/camera_package-0.0.0-py3.10.egg-info/zip-safe
/home/ubuntu/rsi_project/src/camera_package/install/camera_package/lib/python3.10/site-packages/camera_package-0.0.0-py3.10.egg-info/dependency_links.txt
/home/ubuntu/rsi_project/src/camera_package/install/camera_package/lib/python3.10/site-packages/camera_package-0.0.0-py3.10.egg-info/entry_points.txt
/home/ubuntu/rsi_project/src/camera_package/install/camera_package/lib/python3.10/site-packages/camera_package-0.0.0-py3.10.egg-info/SOURCES.txt
/home/ubuntu/rsi_project/src/camera_package/install/camera_package/lib/python3.10/site-packages/camera_package-0.0.0-py3.10.egg-info/requires.txt
/home/ubuntu/rsi_project/src/camera_package/install/camera_package/lib/python3.10/site-packages/camera_package-0.0.0-py3.10.egg-info/PKG-INFO
/home/ubuntu/rsi_project/src/camera_package/install/camera_package/lib/python3.10/site-packages/camera_package-0.0.0-py3.10.egg-info/top_level.txt
/home/ubuntu/rsi_project/src/camera_package/install/camera_package/lib/camera_package/camera_control
/home/ubuntu/rsi_project/src/camera_package/install/camera_package/lib/camera_package/listener
/home/ubuntu/rsi_project/src/camera_package/install/camera_package/lib/camera_package/servo_cmd
/home/ubuntu/rsi_project/src/camera_package/install/camera_package/lib/camera_package/simulated_camera_node
/home/ubuntu/rsi_project/src/camera_package/install/camera_package/lib/camera_package/subscriber_member_function
/home/ubuntu/rsi_project/src/camera_package/install/camera_package/lib/camera_package/talker
/home/ubuntu/rsi_project/src/camera_package/install/camera_package/lib/camera_package/transform
