running egg_info
writing build/camera_package/camera_package.egg-info/PKG-INFO
writing dependency_links to build/camera_package/camera_package.egg-info/dependency_links.txt
writing entry points to build/camera_package/camera_package.egg-info/entry_points.txt
writing requirements to build/camera_package/camera_package.egg-info/requires.txt
writing top-level names to build/camera_package/camera_package.egg-info/top_level.txt
reading manifest file 'build/camera_package/camera_package.egg-info/SOURCES.txt'
adding license file 'LICENSE'
writing manifest file 'build/camera_package/camera_package.egg-info/SOURCES.txt'
running build
running build_py
copying camera_package/simulated_camera_node.py -> /home/ubuntu/rsi_project/src/camera_package/build/camera_package/build/lib/camera_package
running install
running install_lib
copying /home/ubuntu/rsi_project/src/camera_package/build/camera_package/build/lib/camera_package/simulated_camera_node.py -> /home/ubuntu/rsi_project/src/camera_package/install/camera_package/lib/python3.10/site-packages/camera_package
byte-compiling /home/ubuntu/rsi_project/src/camera_package/install/camera_package/lib/python3.10/site-packages/camera_package/simulated_camera_node.py to simulated_camera_node.cpython-310.pyc
running install_data
running install_egg_info
removing '/home/ubuntu/rsi_project/src/camera_package/install/camera_package/lib/python3.10/site-packages/camera_package-0.0.0-py3.10.egg-info' (and everything under it)
Copying build/camera_package/camera_package.egg-info to /home/ubuntu/rsi_project/src/camera_package/install/camera_package/lib/python3.10/site-packages/camera_package-0.0.0-py3.10.egg-info
running install_scripts
Installing listener script to /home/ubuntu/rsi_project/src/camera_package/install/camera_package/lib/camera_package
Installing local_planner script to /home/ubuntu/rsi_project/src/camera_package/install/camera_package/lib/camera_package
Installing servo_cmd script to /home/ubuntu/rsi_project/src/camera_package/install/camera_package/lib/camera_package
Installing simulated_camera_node script to /home/ubuntu/rsi_project/src/camera_package/install/camera_package/lib/camera_package
Installing subscriber_member_function script to /home/ubuntu/rsi_project/src/camera_package/install/camera_package/lib/camera_package
Installing talker script to /home/ubuntu/rsi_project/src/camera_package/install/camera_package/lib/camera_package
Installing transform script to /home/ubuntu/rsi_project/src/camera_package/install/camera_package/lib/camera_package
writing list of installed files to '/home/ubuntu/rsi_project/src/camera_package/build/camera_package/install.log'
