[0.439s] Invoking command in '/home/ubuntu/rsi_project/src/camera_package': PYTHONPATH=/home/ubuntu/rsi_project/build/camera_package/prefix_override:/usr/lib/python3/dist-packages/colcon_core/task/python/colcon_distutils_commands:/home/ubuntu/rsi_project/install/camera_package/lib/python3.10/site-packages:${PYTHONPATH} /usr/bin/python3 -W ignore:setup.py install is deprecated setup.py egg_info --egg-base ../../build/camera_package build --build-base /home/ubuntu/rsi_project/build/camera_package/build install --record /home/ubuntu/rsi_project/build/camera_package/install.log --single-version-externally-managed install_data
[0.532s] running egg_info
[0.533s] creating ../../build/camera_package/camera_package.egg-info
[0.533s] writing ../../build/camera_package/camera_package.egg-info/PKG-INFO
[0.533s] writing dependency_links to ../../build/camera_package/camera_package.egg-info/dependency_links.txt
[0.533s] writing entry points to ../../build/camera_package/camera_package.egg-info/entry_points.txt
[0.533s] writing requirements to ../../build/camera_package/camera_package.egg-info/requires.txt
[0.533s] writing top-level names to ../../build/camera_package/camera_package.egg-info/top_level.txt
[0.533s] writing manifest file '../../build/camera_package/camera_package.egg-info/SOURCES.txt'
[0.533s] reading manifest file '../../build/camera_package/camera_package.egg-info/SOURCES.txt'
[0.533s] adding license file 'LICENSE'
[0.533s] writing manifest file '../../build/camera_package/camera_package.egg-info/SOURCES.txt'
[0.533s] running build
[0.534s] running build_py
[0.534s] creating /home/ubuntu/rsi_project/build/camera_package/build
[0.534s] creating /home/ubuntu/rsi_project/build/camera_package/build/lib
[0.534s] creating /home/ubuntu/rsi_project/build/camera_package/build/lib/camera_package
[0.534s] copying camera_package/simulated_camera_node.py -> /home/ubuntu/rsi_project/build/camera_package/build/lib/camera_package
[0.534s] copying camera_package/__init__.py -> /home/ubuntu/rsi_project/build/camera_package/build/lib/camera_package
[0.534s] running install
[0.534s] running install_lib
[0.534s] creating /home/ubuntu/rsi_project/install/camera_package/lib/python3.10/site-packages/camera_package
[0.534s] copying /home/ubuntu/rsi_project/build/camera_package/build/lib/camera_package/simulated_camera_node.py -> /home/ubuntu/rsi_project/install/camera_package/lib/python3.10/site-packages/camera_package
[0.534s] copying /home/ubuntu/rsi_project/build/camera_package/build/lib/camera_package/__init__.py -> /home/ubuntu/rsi_project/install/camera_package/lib/python3.10/site-packages/camera_package
[0.534s] byte-compiling /home/ubuntu/rsi_project/install/camera_package/lib/python3.10/site-packages/camera_package/simulated_camera_node.py to simulated_camera_node.cpython-310.pyc
[0.535s] byte-compiling /home/ubuntu/rsi_project/install/camera_package/lib/python3.10/site-packages/camera_package/__init__.py to __init__.cpython-310.pyc
[0.535s] running install_data
[0.535s] creating /home/ubuntu/rsi_project/install/camera_package/share/ament_index
[0.535s] creating /home/ubuntu/rsi_project/install/camera_package/share/ament_index/resource_index
[0.535s] creating /home/ubuntu/rsi_project/install/camera_package/share/ament_index/resource_index/packages
[0.535s] copying resource/camera_package -> /home/ubuntu/rsi_project/install/camera_package/share/ament_index/resource_index/packages
[0.535s] copying package.xml -> /home/ubuntu/rsi_project/install/camera_package/share/camera_package
[0.535s] running install_egg_info
[0.535s] Copying ../../build/camera_package/camera_package.egg-info to /home/ubuntu/rsi_project/install/camera_package/lib/python3.10/site-packages/camera_package-0.0.0-py3.10.egg-info
[0.536s] running install_scripts
[0.545s] Installing simulated_camera_node script to /home/ubuntu/rsi_project/install/camera_package/lib/camera_package
[0.545s] writing list of installed files to '/home/ubuntu/rsi_project/build/camera_package/install.log'
[0.555s] Invoked command in '/home/ubuntu/rsi_project/src/camera_package' returned '0': PYTHONPATH=/home/ubuntu/rsi_project/build/camera_package/prefix_override:/usr/lib/python3/dist-packages/colcon_core/task/python/colcon_distutils_commands:/home/ubuntu/rsi_project/install/camera_package/lib/python3.10/site-packages:${PYTHONPATH} /usr/bin/python3 -W ignore:setup.py install is deprecated setup.py egg_info --egg-base ../../build/camera_package build --build-base /home/ubuntu/rsi_project/build/camera_package/build install --record /home/ubuntu/rsi_project/build/camera_package/install.log --single-version-externally-managed install_data
