[0.286s] Invoking command in '/home/ubuntu/rsi_project/src/camera_package': PYTHONPATH=/home/ubuntu/rsi_project/build/camera_package/prefix_override:/usr/lib/python3/dist-packages/colcon_core/task/python/colcon_distutils_commands:/home/ubuntu/rsi_project/install/camera_package/lib/python3.10/site-packages:${PYTHONPATH} /usr/bin/python3 -W ignore:setup.py install is deprecated setup.py egg_info --egg-base ../../build/camera_package build --build-base /home/ubuntu/rsi_project/build/camera_package/build install --record /home/ubuntu/rsi_project/build/camera_package/install.log --single-version-externally-managed install_data
[0.406s] running egg_info
[0.407s] writing ../../build/camera_package/camera_package.egg-info/PKG-INFO
[0.407s] writing dependency_links to ../../build/camera_package/camera_package.egg-info/dependency_links.txt
[0.408s] writing entry points to ../../build/camera_package/camera_package.egg-info/entry_points.txt
[0.408s] writing requirements to ../../build/camera_package/camera_package.egg-info/requires.txt
[0.408s] writing top-level names to ../../build/camera_package/camera_package.egg-info/top_level.txt
[0.410s] reading manifest file '../../build/camera_package/camera_package.egg-info/SOURCES.txt'
[0.410s] adding license file 'LICENSE'
[0.411s] writing manifest file '../../build/camera_package/camera_package.egg-info/SOURCES.txt'
[0.411s] running build
[0.411s] running build_py
[0.411s] copying camera_package/simulated_camera_node.py -> /home/ubuntu/rsi_project/build/camera_package/build/lib/camera_package
[0.411s] copying camera_package/camera_control.py -> /home/ubuntu/rsi_project/build/camera_package/build/lib/camera_package
[0.411s] copying camera_package/transform.py -> /home/ubuntu/rsi_project/build/camera_package/build/lib/camera_package
[0.411s] running install
[0.411s] running install_lib
[0.412s] copying /home/ubuntu/rsi_project/build/camera_package/build/lib/camera_package/simulated_camera_node.py -> /home/ubuntu/rsi_project/install/camera_package/lib/python3.10/site-packages/camera_package
[0.412s] copying /home/ubuntu/rsi_project/build/camera_package/build/lib/camera_package/camera_control.py -> /home/ubuntu/rsi_project/install/camera_package/lib/python3.10/site-packages/camera_package
[0.412s] copying /home/ubuntu/rsi_project/build/camera_package/build/lib/camera_package/transform.py -> /home/ubuntu/rsi_project/install/camera_package/lib/python3.10/site-packages/camera_package
[0.412s] byte-compiling /home/ubuntu/rsi_project/install/camera_package/lib/python3.10/site-packages/camera_package/simulated_camera_node.py to simulated_camera_node.cpython-310.pyc
[0.412s] byte-compiling /home/ubuntu/rsi_project/install/camera_package/lib/python3.10/site-packages/camera_package/camera_control.py to camera_control.cpython-310.pyc
[0.413s] byte-compiling /home/ubuntu/rsi_project/install/camera_package/lib/python3.10/site-packages/camera_package/transform.py to transform.cpython-310.pyc
[0.413s] running install_data
[0.413s] running install_egg_info
[0.414s] removing '/home/ubuntu/rsi_project/install/camera_package/lib/python3.10/site-packages/camera_package-0.0.0-py3.10.egg-info' (and everything under it)
[0.414s] Copying ../../build/camera_package/camera_package.egg-info to /home/ubuntu/rsi_project/install/camera_package/lib/python3.10/site-packages/camera_package-0.0.0-py3.10.egg-info
[0.415s] running install_scripts
[0.425s] Installing camera_control script to /home/ubuntu/rsi_project/install/camera_package/lib/camera_package
[0.425s] Installing listener script to /home/ubuntu/rsi_project/install/camera_package/lib/camera_package
[0.425s] Installing servo_cmd = camera_package.servo_cmd:mainsubscriber_member_function = camera_package.subscriber_member_function:maintransform = camera_package.transform:maintalker script to /home/ubuntu/rsi_project/install/camera_package/lib/camera_package
[0.425s] Installing simulated_camera_node script to /home/ubuntu/rsi_project/install/camera_package/lib/camera_package
[0.426s] writing list of installed files to '/home/ubuntu/rsi_project/build/camera_package/install.log'
[0.441s] Invoked command in '/home/ubuntu/rsi_project/src/camera_package' returned '0': PYTHONPATH=/home/ubuntu/rsi_project/build/camera_package/prefix_override:/usr/lib/python3/dist-packages/colcon_core/task/python/colcon_distutils_commands:/home/ubuntu/rsi_project/install/camera_package/lib/python3.10/site-packages:${PYTHONPATH} /usr/bin/python3 -W ignore:setup.py install is deprecated setup.py egg_info --egg-base ../../build/camera_package build --build-base /home/ubuntu/rsi_project/build/camera_package/build install --record /home/ubuntu/rsi_project/build/camera_package/install.log --single-version-externally-managed install_data
