[0.310s] Invoking command in '/home/ubuntu/rsi_project/src/camera_package': PYTHONPATH=/home/ubuntu/rsi_project/build/camera_package/prefix_override:/usr/lib/python3/dist-packages/colcon_core/task/python/colcon_distutils_commands:/home/ubuntu/rsi_project/install/camera_package/lib/python3.10/site-packages:${PYTHONPATH} /usr/bin/python3 -W ignore:setup.py install is deprecated setup.py egg_info --egg-base ../../build/camera_package build --build-base /home/ubuntu/rsi_project/build/camera_package/build install --record /home/ubuntu/rsi_project/build/camera_package/install.log --single-version-externally-managed install_data
[0.407s] running egg_info
[0.408s] writing ../../build/camera_package/camera_package.egg-info/PKG-INFO
[0.408s] writing dependency_links to ../../build/camera_package/camera_package.egg-info/dependency_links.txt
[0.409s] writing entry points to ../../build/camera_package/camera_package.egg-info/entry_points.txt
[0.409s] writing requirements to ../../build/camera_package/camera_package.egg-info/requires.txt
[0.409s] writing top-level names to ../../build/camera_package/camera_package.egg-info/top_level.txt
[0.411s] reading manifest file '../../build/camera_package/camera_package.egg-info/SOURCES.txt'
[0.411s] adding license file 'LICENSE'
[0.411s] writing manifest file '../../build/camera_package/camera_package.egg-info/SOURCES.txt'
[0.412s] running build
[0.412s] running build_py
[0.412s] running install
[0.413s] running install_lib
[0.413s] running install_data
[0.414s] running install_egg_info
[0.414s] removing '/home/ubuntu/rsi_project/install/camera_package/lib/python3.10/site-packages/camera_package-0.0.0-py3.10.egg-info' (and everything under it)
[0.418s] Copying ../../build/camera_package/camera_package.egg-info to /home/ubuntu/rsi_project/install/camera_package/lib/python3.10/site-packages/camera_package-0.0.0-py3.10.egg-info
[0.418s] running install_scripts
[0.425s] Installing camera_control script to /home/ubuntu/rsi_project/install/camera_package/lib/camera_package
[0.425s] Installing listener script to /home/ubuntu/rsi_project/install/camera_package/lib/camera_package
[0.425s] Installing servo_cmd script to /home/ubuntu/rsi_project/install/camera_package/lib/camera_package
[0.425s] Installing simulated_camera_node script to /home/ubuntu/rsi_project/install/camera_package/lib/camera_package
[0.425s] Installing subscriber_member_function script to /home/ubuntu/rsi_project/install/camera_package/lib/camera_package
[0.425s] Installing talker script to /home/ubuntu/rsi_project/install/camera_package/lib/camera_package
[0.430s] Installing transform script to /home/ubuntu/rsi_project/install/camera_package/lib/camera_package
[0.430s] writing list of installed files to '/home/ubuntu/rsi_project/build/camera_package/install.log'
[0.445s] Invoked command in '/home/ubuntu/rsi_project/src/camera_package' returned '0': PYTHONPATH=/home/ubuntu/rsi_project/build/camera_package/prefix_override:/usr/lib/python3/dist-packages/colcon_core/task/python/colcon_distutils_commands:/home/ubuntu/rsi_project/install/camera_package/lib/python3.10/site-packages:${PYTHONPATH} /usr/bin/python3 -W ignore:setup.py install is deprecated setup.py egg_info --egg-base ../../build/camera_package build --build-base /home/ubuntu/rsi_project/build/camera_package/build install --record /home/ubuntu/rsi_project/build/camera_package/install.log --single-version-externally-managed install_data
