running egg_info
creating build/camera_package/camera_package.egg-info
writing build/camera_package/camera_package.egg-info/PKG-INFO
writing dependency_links to build/camera_package/camera_package.egg-info/dependency_links.txt
writing entry points to build/camera_package/camera_package.egg-info/entry_points.txt
writing requirements to build/camera_package/camera_package.egg-info/requires.txt
writing top-level names to build/camera_package/camera_package.egg-info/top_level.txt
writing manifest file 'build/camera_package/camera_package.egg-info/SOURCES.txt'
reading manifest file 'build/camera_package/camera_package.egg-info/SOURCES.txt'
adding license file 'LICENSE'
writing manifest file 'build/camera_package/camera_package.egg-info/SOURCES.txt'
running build
running build_py
creating /home/ubuntu/rsi_project/src/camera_package/build/camera_package/build
creating /home/ubuntu/rsi_project/src/camera_package/build/camera_package/build/lib
creating /home/ubuntu/rsi_project/src/camera_package/build/camera_package/build/lib/camera_package
copying camera_package/simulated_camera_node.py -> /home/ubuntu/rsi_project/src/camera_package/build/camera_package/build/lib/camera_package
copying camera_package/__init__.py -> /home/ubuntu/rsi_project/src/camera_package/build/camera_package/build/lib/camera_package
copying camera_package/camera_control.py -> /home/ubuntu/rsi_project/src/camera_package/build/camera_package/build/lib/camera_package
copying camera_package/servo_cmd.py -> /home/ubuntu/rsi_project/src/camera_package/build/camera_package/build/lib/camera_package
copying camera_package/publisher_member_function.py -> /home/ubuntu/rsi_project/src/camera_package/build/camera_package/build/lib/camera_package
copying camera_package/transform.py -> /home/ubuntu/rsi_project/src/camera_package/build/camera_package/build/lib/camera_package
copying camera_package/subscriber_member_function.py -> /home/ubuntu/rsi_project/src/camera_package/build/camera_package/build/lib/camera_package
running install
running install_lib
creating /home/ubuntu/rsi_project/src/camera_package/install/camera_package/lib/python3.10/site-packages/camera_package
copying /home/ubuntu/rsi_project/src/camera_package/build/camera_package/build/lib/camera_package/simulated_camera_node.py -> /home/ubuntu/rsi_project/src/camera_package/install/camera_package/lib/python3.10/site-packages/camera_package
copying /home/ubuntu/rsi_project/src/camera_package/build/camera_package/build/lib/camera_package/__init__.py -> /home/ubuntu/rsi_project/src/camera_package/install/camera_package/lib/python3.10/site-packages/camera_package
copying /home/ubuntu/rsi_project/src/camera_package/build/camera_package/build/lib/camera_package/camera_control.py -> /home/ubuntu/rsi_project/src/camera_package/install/camera_package/lib/python3.10/site-packages/camera_package
copying /home/ubuntu/rsi_project/src/camera_package/build/camera_package/build/lib/camera_package/servo_cmd.py -> /home/ubuntu/rsi_project/src/camera_package/install/camera_package/lib/python3.10/site-packages/camera_package
copying /home/ubuntu/rsi_project/src/camera_package/build/camera_package/build/lib/camera_package/publisher_member_function.py -> /home/ubuntu/rsi_project/src/camera_package/install/camera_package/lib/python3.10/site-packages/camera_package
copying /home/ubuntu/rsi_project/src/camera_package/build/camera_package/build/lib/camera_package/transform.py -> /home/ubuntu/rsi_project/src/camera_package/install/camera_package/lib/python3.10/site-packages/camera_package
copying /home/ubuntu/rsi_project/src/camera_package/build/camera_package/build/lib/camera_package/subscriber_member_function.py -> /home/ubuntu/rsi_project/src/camera_package/install/camera_package/lib/python3.10/site-packages/camera_package
byte-compiling /home/ubuntu/rsi_project/src/camera_package/install/camera_package/lib/python3.10/site-packages/camera_package/simulated_camera_node.py to simulated_camera_node.cpython-310.pyc
byte-compiling /home/ubuntu/rsi_project/src/camera_package/install/camera_package/lib/python3.10/site-packages/camera_package/__init__.py to __init__.cpython-310.pyc
byte-compiling /home/ubuntu/rsi_project/src/camera_package/install/camera_package/lib/python3.10/site-packages/camera_package/camera_control.py to camera_control.cpython-310.pyc
byte-compiling /home/ubuntu/rsi_project/src/camera_package/install/camera_package/lib/python3.10/site-packages/camera_package/servo_cmd.py to servo_cmd.cpython-310.pyc
byte-compiling /home/ubuntu/rsi_project/src/camera_package/install/camera_package/lib/python3.10/site-packages/camera_package/publisher_member_function.py to publisher_member_function.cpython-310.pyc
byte-compiling /home/ubuntu/rsi_project/src/camera_package/install/camera_package/lib/python3.10/site-packages/camera_package/transform.py to transform.cpython-310.pyc
byte-compiling /home/ubuntu/rsi_project/src/camera_package/install/camera_package/lib/python3.10/site-packages/camera_package/subscriber_member_function.py to subscriber_member_function.cpython-310.pyc
running install_data
creating /home/ubuntu/rsi_project/src/camera_package/install/camera_package/share/ament_index
creating /home/ubuntu/rsi_project/src/camera_package/install/camera_package/share/ament_index/resource_index
creating /home/ubuntu/rsi_project/src/camera_package/install/camera_package/share/ament_index/resource_index/packages
copying resource/camera_package -> /home/ubuntu/rsi_project/src/camera_package/install/camera_package/share/ament_index/resource_index/packages
copying package.xml -> /home/ubuntu/rsi_project/src/camera_package/install/camera_package/share/camera_package
running install_egg_info
Copying build/camera_package/camera_package.egg-info to /home/ubuntu/rsi_project/src/camera_package/install/camera_package/lib/python3.10/site-packages/camera_package-0.0.0-py3.10.egg-info
running install_scripts
Installing camera_control script to /home/ubuntu/rsi_project/src/camera_package/install/camera_package/lib/camera_package
Installing listener script to /home/ubuntu/rsi_project/src/camera_package/install/camera_package/lib/camera_package
Installing servo_cmd = camera_package.servo_cmd:mainsubscriber_member_function = camera_package.subscriber_member_function:maintransform = camera_package.transform:maintalker script to /home/ubuntu/rsi_project/src/camera_package/install/camera_package/lib/camera_package
Installing simulated_camera_node script to /home/ubuntu/rsi_project/src/camera_package/install/camera_package/lib/camera_package
writing list of installed files to '/home/ubuntu/rsi_project/src/camera_package/build/camera_package/install.log'
