[0.370s] Invoking command in '/home/ubuntu/rsi_project/src/camera_package': PYTHONPATH=/home/ubuntu/rsi_project/src/camera_package/build/camera_package/prefix_override:/usr/lib/python3/dist-packages/colcon_core/task/python/colcon_distutils_commands:/home/ubuntu/rsi_project/src/camera_package/install/camera_package/lib/python3.10/site-packages:${PYTHONPATH} /usr/bin/python3 -W ignore:setup.py install is deprecated setup.py egg_info --egg-base build/camera_package build --build-base /home/ubuntu/rsi_project/src/camera_package/build/camera_package/build install --record /home/ubuntu/rsi_project/src/camera_package/build/camera_package/install.log --single-version-externally-managed install_data
[0.466s] running egg_info
[0.467s] creating build/camera_package/camera_package.egg-info
[0.468s] writing build/camera_package/camera_package.egg-info/PKG-INFO
[0.468s] writing dependency_links to build/camera_package/camera_package.egg-info/dependency_links.txt
[0.469s] writing entry points to build/camera_package/camera_package.egg-info/entry_points.txt
[0.469s] writing requirements to build/camera_package/camera_package.egg-info/requires.txt
[0.472s] writing top-level names to build/camera_package/camera_package.egg-info/top_level.txt
[0.472s] writing manifest file 'build/camera_package/camera_package.egg-info/SOURCES.txt'
[0.472s] reading manifest file 'build/camera_package/camera_package.egg-info/SOURCES.txt'
[0.472s] adding license file 'LICENSE'
[0.472s] writing manifest file 'build/camera_package/camera_package.egg-info/SOURCES.txt'
[0.472s] running build
[0.472s] running build_py
[0.472s] creating /home/ubuntu/rsi_project/src/camera_package/build/camera_package/build
[0.472s] creating /home/ubuntu/rsi_project/src/camera_package/build/camera_package/build/lib
[0.472s] creating /home/ubuntu/rsi_project/src/camera_package/build/camera_package/build/lib/camera_package
[0.472s] copying camera_package/simulated_camera_node.py -> /home/ubuntu/rsi_project/src/camera_package/build/camera_package/build/lib/camera_package
[0.472s] copying camera_package/__init__.py -> /home/ubuntu/rsi_project/src/camera_package/build/camera_package/build/lib/camera_package
[0.472s] copying camera_package/camera_control.py -> /home/ubuntu/rsi_project/src/camera_package/build/camera_package/build/lib/camera_package
[0.473s] copying camera_package/servo_cmd.py -> /home/ubuntu/rsi_project/src/camera_package/build/camera_package/build/lib/camera_package
[0.473s] copying camera_package/publisher_member_function.py -> /home/ubuntu/rsi_project/src/camera_package/build/camera_package/build/lib/camera_package
[0.473s] copying camera_package/transform.py -> /home/ubuntu/rsi_project/src/camera_package/build/camera_package/build/lib/camera_package
[0.473s] copying camera_package/subscriber_member_function.py -> /home/ubuntu/rsi_project/src/camera_package/build/camera_package/build/lib/camera_package
[0.473s] running install
[0.473s] running install_lib
[0.473s] creating /home/ubuntu/rsi_project/src/camera_package/install/camera_package/lib/python3.10/site-packages/camera_package
[0.473s] copying /home/ubuntu/rsi_project/src/camera_package/build/camera_package/build/lib/camera_package/simulated_camera_node.py -> /home/ubuntu/rsi_project/src/camera_package/install/camera_package/lib/python3.10/site-packages/camera_package
[0.474s] copying /home/ubuntu/rsi_project/src/camera_package/build/camera_package/build/lib/camera_package/__init__.py -> /home/ubuntu/rsi_project/src/camera_package/install/camera_package/lib/python3.10/site-packages/camera_package
[0.474s] copying /home/ubuntu/rsi_project/src/camera_package/build/camera_package/build/lib/camera_package/camera_control.py -> /home/ubuntu/rsi_project/src/camera_package/install/camera_package/lib/python3.10/site-packages/camera_package
[0.474s] copying /home/ubuntu/rsi_project/src/camera_package/build/camera_package/build/lib/camera_package/servo_cmd.py -> /home/ubuntu/rsi_project/src/camera_package/install/camera_package/lib/python3.10/site-packages/camera_package
[0.474s] copying /home/ubuntu/rsi_project/src/camera_package/build/camera_package/build/lib/camera_package/publisher_member_function.py -> /home/ubuntu/rsi_project/src/camera_package/install/camera_package/lib/python3.10/site-packages/camera_package
[0.474s] copying /home/ubuntu/rsi_project/src/camera_package/build/camera_package/build/lib/camera_package/transform.py -> /home/ubuntu/rsi_project/src/camera_package/install/camera_package/lib/python3.10/site-packages/camera_package
[0.474s] copying /home/ubuntu/rsi_project/src/camera_package/build/camera_package/build/lib/camera_package/subscriber_member_function.py -> /home/ubuntu/rsi_project/src/camera_package/install/camera_package/lib/python3.10/site-packages/camera_package
[0.475s] byte-compiling /home/ubuntu/rsi_project/src/camera_package/install/camera_package/lib/python3.10/site-packages/camera_package/simulated_camera_node.py to simulated_camera_node.cpython-310.pyc
[0.475s] byte-compiling /home/ubuntu/rsi_project/src/camera_package/install/camera_package/lib/python3.10/site-packages/camera_package/__init__.py to __init__.cpython-310.pyc
[0.476s] byte-compiling /home/ubuntu/rsi_project/src/camera_package/install/camera_package/lib/python3.10/site-packages/camera_package/camera_control.py to camera_control.cpython-310.pyc
[0.476s] byte-compiling /home/ubuntu/rsi_project/src/camera_package/install/camera_package/lib/python3.10/site-packages/camera_package/servo_cmd.py to servo_cmd.cpython-310.pyc
[0.476s] byte-compiling /home/ubuntu/rsi_project/src/camera_package/install/camera_package/lib/python3.10/site-packages/camera_package/publisher_member_function.py to publisher_member_function.cpython-310.pyc
[0.476s] byte-compiling /home/ubuntu/rsi_project/src/camera_package/install/camera_package/lib/python3.10/site-packages/camera_package/transform.py to transform.cpython-310.pyc
[0.477s] byte-compiling /home/ubuntu/rsi_project/src/camera_package/install/camera_package/lib/python3.10/site-packages/camera_package/subscriber_member_function.py to subscriber_member_function.cpython-310.pyc
[0.477s] running install_data
[0.477s] creating /home/ubuntu/rsi_project/src/camera_package/install/camera_package/share/ament_index
[0.477s] creating /home/ubuntu/rsi_project/src/camera_package/install/camera_package/share/ament_index/resource_index
[0.478s] creating /home/ubuntu/rsi_project/src/camera_package/install/camera_package/share/ament_index/resource_index/packages
[0.478s] copying resource/camera_package -> /home/ubuntu/rsi_project/src/camera_package/install/camera_package/share/ament_index/resource_index/packages
[0.478s] copying package.xml -> /home/ubuntu/rsi_project/src/camera_package/install/camera_package/share/camera_package
[0.478s] running install_egg_info
[0.478s] Copying build/camera_package/camera_package.egg-info to /home/ubuntu/rsi_project/src/camera_package/install/camera_package/lib/python3.10/site-packages/camera_package-0.0.0-py3.10.egg-info
[0.480s] running install_scripts
[0.489s] Installing camera_control script to /home/ubuntu/rsi_project/src/camera_package/install/camera_package/lib/camera_package
[0.489s] Installing listener script to /home/ubuntu/rsi_project/src/camera_package/install/camera_package/lib/camera_package
[0.490s] Installing servo_cmd = camera_package.servo_cmd:mainsubscriber_member_function = camera_package.subscriber_member_function:maintransform = camera_package.transform:maintalker script to /home/ubuntu/rsi_project/src/camera_package/install/camera_package/lib/camera_package
[0.490s] Installing simulated_camera_node script to /home/ubuntu/rsi_project/src/camera_package/install/camera_package/lib/camera_package
[0.490s] writing list of installed files to '/home/ubuntu/rsi_project/src/camera_package/build/camera_package/install.log'
[0.505s] Invoked command in '/home/ubuntu/rsi_project/src/camera_package' returned '0': PYTHONPATH=/home/ubuntu/rsi_project/src/camera_package/build/camera_package/prefix_override:/usr/lib/python3/dist-packages/colcon_core/task/python/colcon_distutils_commands:/home/ubuntu/rsi_project/src/camera_package/install/camera_package/lib/python3.10/site-packages:${PYTHONPATH} /usr/bin/python3 -W ignore:setup.py install is deprecated setup.py egg_info --egg-base build/camera_package build --build-base /home/ubuntu/rsi_project/src/camera_package/build/camera_package/build install --record /home/ubuntu/rsi_project/src/camera_package/build/camera_package/install.log --single-version-externally-managed install_data
