[0.450s] Invoking command in '/home/ubuntu/rsi_project/src/camera_package': PYTHONPATH=/home/ubuntu/rsi_project/src/camera_package/build/camera_package/prefix_override:/usr/lib/python3/dist-packages/colcon_core/task/python/colcon_distutils_commands:/home/ubuntu/rsi_project/src/camera_package/install/camera_package/lib/python3.10/site-packages:${PYTHONPATH} /usr/bin/python3 -W ignore:setup.py install is deprecated setup.py egg_info --egg-base build/camera_package build --build-base /home/ubuntu/rsi_project/src/camera_package/build/camera_package/build install --record /home/ubuntu/rsi_project/src/camera_package/build/camera_package/install.log --single-version-externally-managed install_data
[0.552s] running egg_info
[0.553s] writing build/camera_package/camera_package.egg-info/PKG-INFO
[0.553s] writing dependency_links to build/camera_package/camera_package.egg-info/dependency_links.txt
[0.553s] writing entry points to build/camera_package/camera_package.egg-info/entry_points.txt
[0.553s] writing requirements to build/camera_package/camera_package.egg-info/requires.txt
[0.553s] writing top-level names to build/camera_package/camera_package.egg-info/top_level.txt
[0.554s] reading manifest file 'build/camera_package/camera_package.egg-info/SOURCES.txt'
[0.554s] adding license file 'LICENSE'
[0.555s] writing manifest file 'build/camera_package/camera_package.egg-info/SOURCES.txt'
[0.555s] running build
[0.556s] running build_py
[0.556s] copying camera_package/simulated_camera_node.py -> /home/ubuntu/rsi_project/src/camera_package/build/camera_package/build/lib/camera_package
[0.556s] copying camera_package/camera_control.py -> /home/ubuntu/rsi_project/src/camera_package/build/camera_package/build/lib/camera_package
[0.556s] copying camera_package/servo_cmd.py -> /home/ubuntu/rsi_project/src/camera_package/build/camera_package/build/lib/camera_package
[0.556s] copying camera_package/transform.py -> /home/ubuntu/rsi_project/src/camera_package/build/camera_package/build/lib/camera_package
[0.556s] running install
[0.556s] running install_lib
[0.557s] copying /home/ubuntu/rsi_project/src/camera_package/build/camera_package/build/lib/camera_package/simulated_camera_node.py -> /home/ubuntu/rsi_project/src/camera_package/install/camera_package/lib/python3.10/site-packages/camera_package
[0.559s] copying /home/ubuntu/rsi_project/src/camera_package/build/camera_package/build/lib/camera_package/camera_control.py -> /home/ubuntu/rsi_project/src/camera_package/install/camera_package/lib/python3.10/site-packages/camera_package
[0.559s] copying /home/ubuntu/rsi_project/src/camera_package/build/camera_package/build/lib/camera_package/servo_cmd.py -> /home/ubuntu/rsi_project/src/camera_package/install/camera_package/lib/python3.10/site-packages/camera_package
[0.559s] copying /home/ubuntu/rsi_project/src/camera_package/build/camera_package/build/lib/camera_package/transform.py -> /home/ubuntu/rsi_project/src/camera_package/install/camera_package/lib/python3.10/site-packages/camera_package
[0.559s] byte-compiling /home/ubuntu/rsi_project/src/camera_package/install/camera_package/lib/python3.10/site-packages/camera_package/simulated_camera_node.py to simulated_camera_node.cpython-310.pyc
[0.560s] byte-compiling /home/ubuntu/rsi_project/src/camera_package/install/camera_package/lib/python3.10/site-packages/camera_package/camera_control.py to camera_control.cpython-310.pyc
[0.560s] byte-compiling /home/ubuntu/rsi_project/src/camera_package/install/camera_package/lib/python3.10/site-packages/camera_package/servo_cmd.py to servo_cmd.cpython-310.pyc
[0.561s] byte-compiling /home/ubuntu/rsi_project/src/camera_package/install/camera_package/lib/python3.10/site-packages/camera_package/transform.py to transform.cpython-310.pyc
[0.561s] running install_data
[0.561s] running install_egg_info
[0.562s] removing '/home/ubuntu/rsi_project/src/camera_package/install/camera_package/lib/python3.10/site-packages/camera_package-0.0.0-py3.10.egg-info' (and everything under it)
[0.563s] Copying build/camera_package/camera_package.egg-info to /home/ubuntu/rsi_project/src/camera_package/install/camera_package/lib/python3.10/site-packages/camera_package-0.0.0-py3.10.egg-info
[0.564s] running install_scripts
[0.573s] Installing camera_control script to /home/ubuntu/rsi_project/src/camera_package/install/camera_package/lib/camera_package
[0.573s] Installing listener script to /home/ubuntu/rsi_project/src/camera_package/install/camera_package/lib/camera_package
[0.573s] Installing servo_cmd = camera_package.servo_cmd:mainsubscriber_member_function = camera_package.subscriber_member_function:maintransform = camera_package.transform:maintalker script to /home/ubuntu/rsi_project/src/camera_package/install/camera_package/lib/camera_package
[0.573s] Installing simulated_camera_node script to /home/ubuntu/rsi_project/src/camera_package/install/camera_package/lib/camera_package
[0.574s] writing list of installed files to '/home/ubuntu/rsi_project/src/camera_package/build/camera_package/install.log'
[0.585s] Invoked command in '/home/ubuntu/rsi_project/src/camera_package' returned '0': PYTHONPATH=/home/ubuntu/rsi_project/src/camera_package/build/camera_package/prefix_override:/usr/lib/python3/dist-packages/colcon_core/task/python/colcon_distutils_commands:/home/ubuntu/rsi_project/src/camera_package/install/camera_package/lib/python3.10/site-packages:${PYTHONPATH} /usr/bin/python3 -W ignore:setup.py install is deprecated setup.py egg_info --egg-base build/camera_package build --build-base /home/ubuntu/rsi_project/src/camera_package/build/camera_package/build install --record /home/ubuntu/rsi_project/src/camera_package/build/camera_package/install.log --single-version-externally-managed install_data
