[0.625s] Invoking command in '/home/ubuntu/rsi_project/src/camera_package': PYTHONPATH=/home/ubuntu/rsi_project/build/camera_package/prefix_override:/usr/lib/python3/dist-packages/colcon_core/task/python/colcon_distutils_commands:/home/ubuntu/rsi_project/install/camera_package/lib/python3.10/site-packages:${PYTHONPATH} /usr/bin/python3 -W ignore:setup.py install is deprecated setup.py egg_info --egg-base ../../build/camera_package build --build-base /home/ubuntu/rsi_project/build/camera_package/build install --record /home/ubuntu/rsi_project/build/camera_package/install.log --single-version-externally-managed install_data
[0.724s] running egg_info
[0.724s] writing ../../build/camera_package/camera_package.egg-info/PKG-INFO
[0.726s] writing dependency_links to ../../build/camera_package/camera_package.egg-info/dependency_links.txt
[0.728s] writing entry points to ../../build/camera_package/camera_package.egg-info/entry_points.txt
[0.729s] writing requirements to ../../build/camera_package/camera_package.egg-info/requires.txt
[0.729s] writing top-level names to ../../build/camera_package/camera_package.egg-info/top_level.txt
[0.730s] reading manifest file '../../build/camera_package/camera_package.egg-info/SOURCES.txt'
[0.730s] adding license file 'LICENSE'
[0.731s] writing manifest file '../../build/camera_package/camera_package.egg-info/SOURCES.txt'
[0.731s] running build
[0.731s] running build_py
[0.731s] copying camera_package/simulated_camera_node.py -> /home/ubuntu/rsi_project/build/camera_package/build/lib/camera_package
[0.732s] copying camera_package/local_planner.py -> /home/ubuntu/rsi_project/build/camera_package/build/lib/camera_package
[0.732s] copying camera_package/publisher_member_function.py -> /home/ubuntu/rsi_project/build/camera_package/build/lib/camera_package
[0.733s] copying camera_package/transform.py -> /home/ubuntu/rsi_project/build/camera_package/build/lib/camera_package
[0.733s] running install
[0.733s] running install_lib
[0.733s] copying /home/ubuntu/rsi_project/build/camera_package/build/lib/camera_package/simulated_camera_node.py -> /home/ubuntu/rsi_project/install/camera_package/lib/python3.10/site-packages/camera_package
[0.734s] copying /home/ubuntu/rsi_project/build/camera_package/build/lib/camera_package/local_planner.py -> /home/ubuntu/rsi_project/install/camera_package/lib/python3.10/site-packages/camera_package
[0.734s] copying /home/ubuntu/rsi_project/build/camera_package/build/lib/camera_package/publisher_member_function.py -> /home/ubuntu/rsi_project/install/camera_package/lib/python3.10/site-packages/camera_package
[0.734s] copying /home/ubuntu/rsi_project/build/camera_package/build/lib/camera_package/transform.py -> /home/ubuntu/rsi_project/install/camera_package/lib/python3.10/site-packages/camera_package
[0.735s] byte-compiling /home/ubuntu/rsi_project/install/camera_package/lib/python3.10/site-packages/camera_package/simulated_camera_node.py to simulated_camera_node.cpython-310.pyc
[0.736s] byte-compiling /home/ubuntu/rsi_project/install/camera_package/lib/python3.10/site-packages/camera_package/local_planner.py to local_planner.cpython-310.pyc
[0.737s] byte-compiling /home/ubuntu/rsi_project/install/camera_package/lib/python3.10/site-packages/camera_package/publisher_member_function.py to publisher_member_function.cpython-310.pyc
[0.737s] byte-compiling /home/ubuntu/rsi_project/install/camera_package/lib/python3.10/site-packages/camera_package/transform.py to transform.cpython-310.pyc
[0.738s] running install_data
[0.738s] running install_egg_info
[0.739s] removing '/home/ubuntu/rsi_project/install/camera_package/lib/python3.10/site-packages/camera_package-0.0.0-py3.10.egg-info' (and everything under it)
[0.740s] Copying ../../build/camera_package/camera_package.egg-info to /home/ubuntu/rsi_project/install/camera_package/lib/python3.10/site-packages/camera_package-0.0.0-py3.10.egg-info
[0.741s] running install_scripts
[0.754s] Installing listener script to /home/ubuntu/rsi_project/install/camera_package/lib/camera_package
[0.755s] Installing local_planner script to /home/ubuntu/rsi_project/install/camera_package/lib/camera_package
[0.757s] Installing servo_cmd script to /home/ubuntu/rsi_project/install/camera_package/lib/camera_package
[0.757s] Installing simulated_camera_node script to /home/ubuntu/rsi_project/install/camera_package/lib/camera_package
[0.757s] Installing subscriber_member_function script to /home/ubuntu/rsi_project/install/camera_package/lib/camera_package
[0.757s] Installing talker script to /home/ubuntu/rsi_project/install/camera_package/lib/camera_package
[0.757s] Installing transform script to /home/ubuntu/rsi_project/install/camera_package/lib/camera_package
[0.757s] writing list of installed files to '/home/ubuntu/rsi_project/build/camera_package/install.log'
[0.771s] Invoked command in '/home/ubuntu/rsi_project/src/camera_package' returned '0': PYTHONPATH=/home/ubuntu/rsi_project/build/camera_package/prefix_override:/usr/lib/python3/dist-packages/colcon_core/task/python/colcon_distutils_commands:/home/ubuntu/rsi_project/install/camera_package/lib/python3.10/site-packages:${PYTHONPATH} /usr/bin/python3 -W ignore:setup.py install is deprecated setup.py egg_info --egg-base ../../build/camera_package build --build-base /home/ubuntu/rsi_project/build/camera_package/build install --record /home/ubuntu/rsi_project/build/camera_package/install.log --single-version-externally-managed install_data
