[0.332s] Invoking command in '/home/ubuntu/rsi_project/src/camera_package': PYTHONPATH=/home/ubuntu/rsi_project/build/camera_package/prefix_override:/usr/lib/python3/dist-packages/colcon_core/task/python/colcon_distutils_commands:/home/ubuntu/rsi_project/install/camera_package/lib/python3.10/site-packages:${PYTHONPATH} /usr/bin/python3 -W ignore:setup.py install is deprecated setup.py egg_info --egg-base ../../build/camera_package build --build-base /home/ubuntu/rsi_project/build/camera_package/build install --record /home/ubuntu/rsi_project/build/camera_package/install.log --single-version-externally-managed install_data
[0.428s] running egg_info
[0.429s] writing ../../build/camera_package/camera_package.egg-info/PKG-INFO
[0.429s] writing dependency_links to ../../build/camera_package/camera_package.egg-info/dependency_links.txt
[0.429s] writing entry points to ../../build/camera_package/camera_package.egg-info/entry_points.txt
[0.429s] writing requirements to ../../build/camera_package/camera_package.egg-info/requires.txt
[0.429s] writing top-level names to ../../build/camera_package/camera_package.egg-info/top_level.txt
[0.431s] reading manifest file '../../build/camera_package/camera_package.egg-info/SOURCES.txt'
[0.431s] adding license file 'LICENSE'
[0.431s] writing manifest file '../../build/camera_package/camera_package.egg-info/SOURCES.txt'
[0.431s] running build
[0.431s] running build_py
[0.431s] running install
[0.431s] running install_lib
[0.433s] running install_data
[0.433s] running install_egg_info
[0.433s] removing '/home/ubuntu/rsi_project/install/camera_package/lib/python3.10/site-packages/camera_package-0.0.0-py3.10.egg-info' (and everything under it)
[0.439s] Copying ../../build/camera_package/camera_package.egg-info to /home/ubuntu/rsi_project/install/camera_package/lib/python3.10/site-packages/camera_package-0.0.0-py3.10.egg-info
[0.439s] running install_scripts
[0.448s] Installing simulated_camera_node script to /home/ubuntu/rsi_project/install/camera_package/lib/camera_package
[0.449s] writing list of installed files to '/home/ubuntu/rsi_project/build/camera_package/install.log'
[0.459s] Invoked command in '/home/ubuntu/rsi_project/src/camera_package' returned '0': PYTHONPATH=/home/ubuntu/rsi_project/build/camera_package/prefix_override:/usr/lib/python3/dist-packages/colcon_core/task/python/colcon_distutils_commands:/home/ubuntu/rsi_project/install/camera_package/lib/python3.10/site-packages:${PYTHONPATH} /usr/bin/python3 -W ignore:setup.py install is deprecated setup.py egg_info --egg-base ../../build/camera_package build --build-base /home/ubuntu/rsi_project/build/camera_package/build install --record /home/ubuntu/rsi_project/build/camera_package/install.log --single-version-externally-managed install_data
